# JRE version: OpenJDK Runtime Environment Temurin-17.0.8.1+1 (17.0.8.1+1) (build 17.0.8.1+1)
# Java VM: OpenJDK 64-Bit Server VM Temurin-17.0.8.1+1 (17.0.8.1+1, mixed mode, sharing, tiered, compressed oops, compressed class ptrs, parallel gc, windows-amd64)
GC Precious Log:
 CPUs: 2 total, 2 available
 Memory: 3918M
 Large Page Support: Disabled
 NUMA Support: Disabled
 Compressed Oops: Enabled (32-bit)
 Alignments: Space 512K, Generation 512K, Heap 2M
 Heap Min Capacity: 100M
 Heap Initial Capacity: 100M
 Heap Max Capacity: 1G
 Pre-touch: Disabled
 Parallel Workers: 2
Heap:
 PSYoungGen      total 20480K, used 10013K [0x00000000eab00000, 0x00000000ec200000, 0x0000000100000000)
  eden space 19456K, 48% used [0x00000000eab00000,0x00000000eb41f758,0x00000000ebe00000)
  from space 1024K, 65% used [0x00000000ec100000,0x00000000ec1a8000,0x00000000ec200000)
  to   space 1536K, 0% used [0x00000000ebf00000,0x00000000ebf00000,0x00000000ec080000)
 ParOldGen       total 68608K, used 30414K [0x00000000c0000000, 0x00000000c4300000, 0x00000000eab00000)
  object space 68608K, 44% used [0x00000000c0000000,0x00000000c1db3b38,0x00000000c4300000)
 Metaspace       used 41436K, committed 42176K, reserved 1114112K
  class space    used 4080K, committed 4480K, reserved 1048576K
GC Heap History (20 events):
Event: 30.830 GC heap before
{Heap before GC invocations=13 (full 1):
 PSYoungGen      total 25600K, used 25376K [0x00000000eab00000, 0x00000000ec800000, 0x0000000100000000)
  eden space 22528K, 100% used [0x00000000eab00000,0x00000000ec100000,0x00000000ec100000)
  from space 3072K, 92% used [0x00000000ec280000,0x00000000ec548010,0x00000000ec580000)
  to   space 2560K, 0% used [0x00000000ec580000,0x00000000ec580000,0x00000000ec800000)
 ParOldGen       total 68608K, used 16143K [0x00000000c0000000, 0x00000000c4300000, 0x00000000eab00000)
  object space 68608K, 23% used [0x00000000c0000000,0x00000000c0fc3f38,0x00000000c4300000)
 Metaspace       used 29553K, committed 30272K, reserved 1114112K
  class space    used 2935K, committed 3264K, reserved 1048576K
}
Event: 30.866 GC heap after
{Heap after GC invocations=13 (full 1):
 PSYoungGen      total 23552K, used 2528K [0x00000000eab00000, 0x00000000ecc80000, 0x0000000100000000)
  eden space 20992K, 0% used [0x00000000eab00000,0x00000000eab00000,0x00000000ebf80000)
  from space 2560K, 98% used [0x00000000ec580000,0x00000000ec7f8010,0x00000000ec800000)
  to   space 6144K, 0% used [0x00000000ebf80000,0x00000000ebf80000,0x00000000ec580000)
 ParOldGen       total 68608K, used 19103K [0x00000000c0000000, 0x00000000c4300000, 0x00000000eab00000)
  object space 68608K, 27% used [0x00000000c0000000,0x00000000c12a7f48,0x00000000c4300000)
 Metaspace       used 29553K, committed 30272K, reserved 1114112K
  class space    used 2935K, committed 3264K, reserved 1048576K
}
Event: 32.854 GC heap before
{Heap before GC invocations=14 (full 1):
 PSYoungGen      total 23552K, used 23520K [0x00000000eab00000, 0x00000000ecc80000, 0x0000000100000000)
  eden space 20992K, 100% used [0x00000000eab00000,0x00000000ebf80000,0x00000000ebf80000)
  from space 2560K, 98% used [0x00000000ec580000,0x00000000ec7f8010,0x00000000ec800000)
  to   space 6144K, 0% used [0x00000000ebf80000,0x00000000ebf80000,0x00000000ec580000)
 ParOldGen       total 68608K, used 19103K [0x00000000c0000000, 0x00000000c4300000, 0x00000000eab00000)
  object space 68608K, 27% used [0x00000000c0000000,0x00000000c12a7f48,0x00000000c4300000)
 Metaspace       used 30035K, committed 30720K, reserved 1114112K
  class space    used 2982K, committed 3264K, reserved 1048576K
}
Event: 32.877 GC heap after
{Heap after GC invocations=14 (full 1):
 PSYoungGen      total 23552K, used 2528K [0x00000000eab00000, 0x00000000ec780000, 0x0000000100000000)
  eden space 20992K, 0% used [0x00000000eab00000,0x00000000eab00000,0x00000000ebf80000)
  from space 2560K, 98% used [0x00000000ebf80000,0x00000000ec1f8000,0x00000000ec200000)
  to   space 4096K, 0% used [0x00000000ec380000,0x00000000ec380000,0x00000000ec780000)
 ParOldGen       total 68608K, used 21623K [0x00000000c0000000, 0x00000000c4300000, 0x00000000eab00000)
  object space 68608K, 31% used [0x00000000c0000000,0x00000000c151df58,0x00000000c4300000)
 Metaspace       used 30035K, committed 30720K, reserved 1114112K
  class space    used 2982K, committed 3264K, reserved 1048576K
}
Event: 34.094 GC heap before
{Heap before GC invocations=15 (full 1):
 PSYoungGen      total 23552K, used 23486K [0x00000000eab00000, 0x00000000ec780000, 0x0000000100000000)
  eden space 20992K, 99% used [0x00000000eab00000,0x00000000ebf778a8,0x00000000ebf80000)
  from space 2560K, 98% used [0x00000000ebf80000,0x00000000ec1f8000,0x00000000ec200000)
  to   space 4096K, 0% used [0x00000000ec380000,0x00000000ec380000,0x00000000ec780000)
 ParOldGen       total 68608K, used 21623K [0x00000000c0000000, 0x00000000c4300000, 0x00000000eab00000)
  object space 68608K, 31% used [0x00000000c0000000,0x00000000c151df58,0x00000000c4300000)
 Metaspace       used 32562K, committed 33216K, reserved 1114112K
  class space    used 3248K, committed 3520K, reserved 1048576K
}
Event: 34.115 GC heap after
{Heap after GC invocations=15 (full 1):
 PSYoungGen      total 22016K, used 825K [0x00000000eab00000, 0x00000000ec480000, 0x0000000100000000)
  eden space 20992K, 0% used [0x00000000eab00000,0x00000000eab00000,0x00000000ebf80000)
  from space 1024K, 80% used [0x00000000ec380000,0x00000000ec44e5f0,0x00000000ec480000)
  to   space 2048K, 0% used [0x00000000ec080000,0x00000000ec080000,0x00000000ec280000)
 ParOldGen       total 68608K, used 24130K [0x00000000c0000000, 0x00000000c4300000, 0x00000000eab00000)
  object space 68608K, 35% used [0x00000000c0000000,0x00000000c1790818,0x00000000c4300000)
 Metaspace       used 32562K, committed 33216K, reserved 1114112K
  class space    used 3248K, committed 3520K, reserved 1048576K
}
Event: 36.096 GC heap before
{Heap before GC invocations=16 (full 1):
 PSYoungGen      total 22016K, used 21817K [0x00000000eab00000, 0x00000000ec480000, 0x0000000100000000)
  eden space 20992K, 100% used [0x00000000eab00000,0x00000000ebf80000,0x00000000ebf80000)
  from space 1024K, 80% used [0x00000000ec380000,0x00000000ec44e5f0,0x00000000ec480000)
  to   space 2048K, 0% used [0x00000000ec080000,0x00000000ec080000,0x00000000ec280000)
 ParOldGen       total 68608K, used 24130K [0x00000000c0000000, 0x00000000c4300000, 0x00000000eab00000)
  object space 68608K, 35% used [0x00000000c0000000,0x00000000c1790818,0x00000000c4300000)
 Metaspace       used 33513K, committed 34240K, reserved 1114112K
  class space    used 3363K, committed 3648K, reserved 1048576K
}
Event: 36.099 GC heap after
{Heap after GC invocations=16 (full 1):
 PSYoungGen      total 23040K, used 256K [0x00000000eab00000, 0x00000000ec400000, 0x0000000100000000)
  eden space 20992K, 0% used [0x00000000eab00000,0x00000000eab00000,0x00000000ebf80000)
  from space 2048K, 12% used [0x00000000ec080000,0x00000000ec0c0000,0x00000000ec280000)
  to   space 1024K, 0% used [0x00000000ec300000,0x00000000ec300000,0x00000000ec400000)
 ParOldGen       total 68608K, used 24907K [0x00000000c0000000, 0x00000000c4300000, 0x00000000eab00000)
  object space 68608K, 36% used [0x00000000c0000000,0x00000000c1852c48,0x00000000c4300000)
 Metaspace       used 33513K, committed 34240K, reserved 1114112K
  class space    used 3363K, committed 3648K, reserved 1048576K
}
Event: 37.833 GC heap before
{Heap before GC invocations=17 (full 1):
 PSYoungGen      total 23040K, used 12835K [0x00000000eab00000, 0x00000000ec400000, 0x0000000100000000)
  eden space 20992K, 59% used [0x00000000eab00000,0x00000000eb748e78,0x00000000ebf80000)
  from space 2048K, 12% used [0x00000000ec080000,0x00000000ec0c0000,0x00000000ec280000)
  to   space 1024K, 0% used [0x00000000ec300000,0x00000000ec300000,0x00000000ec400000)
 ParOldGen       total 68608K, used 24907K [0x00000000c0000000, 0x00000000c4300000, 0x00000000eab00000)
  object space 68608K, 36% used [0x00000000c0000000,0x00000000c1852c48,0x00000000c4300000)
 Metaspace       used 35153K, committed 35840K, reserved 1114112K
  class space    used 3513K, committed 3840K, reserved 1048576K
}
Event: 37.836 GC heap after
{Heap after GC invocations=17 (full 1):
 PSYoungGen      total 22016K, used 512K [0x00000000eab00000, 0x00000000ec400000, 0x0000000100000000)
  eden space 20992K, 0% used [0x00000000eab00000,0x00000000eab00000,0x00000000ebf80000)
  from space 1024K, 50% used [0x00000000ec300000,0x00000000ec380010,0x00000000ec400000)
  to   space 1024K, 0% used [0x00000000ec200000,0x00000000ec200000,0x00000000ec300000)
 ParOldGen       total 68608K, used 25131K [0x00000000c0000000, 0x00000000c4300000, 0x00000000eab00000)
  object space 68608K, 36% used [0x00000000c0000000,0x00000000c188ac48,0x00000000c4300000)
 Metaspace       used 35153K, committed 35840K, reserved 1114112K
  class space    used 3513K, committed 3840K, reserved 1048576K
}
Event: 37.836 GC heap before
{Heap before GC invocations=18 (full 2):
 PSYoungGen      total 22016K, used 512K [0x00000000eab00000, 0x00000000ec400000, 0x0000000100000000)
  eden space 20992K, 0% used [0x00000000eab00000,0x00000000eab00000,0x00000000ebf80000)
  from space 1024K, 50% used [0x00000000ec300000,0x00000000ec380010,0x00000000ec400000)
  to   space 1024K, 0% used [0x00000000ec200000,0x00000000ec200000,0x00000000ec300000)
 ParOldGen       total 68608K, used 25131K [0x00000000c0000000, 0x00000000c4300000, 0x00000000eab00000)
  object space 68608K, 36% used [0x00000000c0000000,0x00000000c188ac48,0x00000000c4300000)
 Metaspace       used 35153K, committed 35840K, reserved 1114112K
  class space    used 3513K, committed 3840K, reserved 1048576K
}
Event: 38.071 GC heap after
{Heap after GC invocations=18 (full 2):
 PSYoungGen      total 22016K, used 0K [0x00000000eab00000, 0x00000000ec400000, 0x0000000100000000)
  eden space 20992K, 0% used [0x00000000eab00000,0x00000000eab00000,0x00000000ebf80000)
  from space 1024K, 0% used [0x00000000ec300000,0x00000000ec300000,0x00000000ec400000)
  to   space 1024K, 0% used [0x00000000ec200000,0x00000000ec200000,0x00000000ec300000)
 ParOldGen       total 68608K, used 24716K [0x00000000c0000000, 0x00000000c4300000, 0x00000000eab00000)
  object space 68608K, 36% used [0x00000000c0000000,0x00000000c1823308,0x00000000c4300000)
 Metaspace       used 35153K, committed 35840K, reserved 1114112K
  class space    used 3513K, committed 3840K, reserved 1048576K
}
Event: 40.196 GC heap before
{Heap before GC invocations=19 (full 2):
 PSYoungGen      total 22016K, used 20954K [0x00000000eab00000, 0x00000000ec400000, 0x0000000100000000)
  eden space 20992K, 99% used [0x00000000eab00000,0x00000000ebf76ae8,0x00000000ebf80000)
  from space 1024K, 0% used [0x00000000ec300000,0x00000000ec300000,0x00000000ec400000)
  to   space 1024K, 0% used [0x00000000ec200000,0x00000000ec200000,0x00000000ec300000)
 ParOldGen       total 68608K, used 24716K [0x00000000c0000000, 0x00000000c4300000, 0x00000000eab00000)
  object space 68608K, 36% used [0x00000000c0000000,0x00000000c1823308,0x00000000c4300000)
 Metaspace       used 37567K, committed 38272K, reserved 1114112K
  class space    used 3764K, committed 4096K, reserved 1048576K
}
Event: 40.201 GC heap after
{Heap after GC invocations=19 (full 2):
 PSYoungGen      total 22016K, used 1024K [0x00000000eab00000, 0x00000000ec380000, 0x0000000100000000)
  eden space 20992K, 0% used [0x00000000eab00000,0x00000000eab00000,0x00000000ebf80000)
  from space 1024K, 100% used [0x00000000ec200000,0x00000000ec300000,0x00000000ec300000)
  to   space 512K, 0% used [0x00000000ec300000,0x00000000ec300000,0x00000000ec380000)
 ParOldGen       total 68608K, used 25449K [0x00000000c0000000, 0x00000000c4300000, 0x00000000eab00000)
  object space 68608K, 37% used [0x00000000c0000000,0x00000000c18da7c8,0x00000000c4300000)
 Metaspace       used 37567K, committed 38272K, reserved 1114112K
  class space    used 3764K, committed 4096K, reserved 1048576K
}
Event: 41.518 GC heap before
{Heap before GC invocations=20 (full 2):
 PSYoungGen      total 22016K, used 22011K [0x00000000eab00000, 0x00000000ec380000, 0x0000000100000000)
  eden space 20992K, 99% used [0x00000000eab00000,0x00000000ebf7ef58,0x00000000ebf80000)
  from space 1024K, 100% used [0x00000000ec200000,0x00000000ec300000,0x00000000ec300000)
  to   space 512K, 0% used [0x00000000ec300000,0x00000000ec300000,0x00000000ec380000)
 ParOldGen       total 68608K, used 25449K [0x00000000c0000000, 0x00000000c4300000, 0x00000000eab00000)
  object space 68608K, 37% used [0x00000000c0000000,0x00000000c18da7c8,0x00000000c4300000)
 Metaspace       used 38798K, committed 39488K, reserved 1114112K
  class space    used 3856K, committed 4160K, reserved 1048576K
}
Event: 41.532 GC heap after
{Heap after GC invocations=20 (full 2):
 PSYoungGen      total 19968K, used 482K [0x00000000eab00000, 0x00000000ec980000, 0x0000000100000000)
  eden space 19456K, 0% used [0x00000000eab00000,0x00000000eab00000,0x00000000ebe00000)
  from space 512K, 94% used [0x00000000ec300000,0x00000000ec3789f8,0x00000000ec380000)
  to   space 5120K, 0% used [0x00000000ebe00000,0x00000000ebe00000,0x00000000ec300000)
 ParOldGen       total 68608K, used 29439K [0x00000000c0000000, 0x00000000c4300000, 0x00000000eab00000)
  object space 68608K, 42% used [0x00000000c0000000,0x00000000c1cbfdd0,0x00000000c4300000)
 Metaspace       used 38798K, committed 39488K, reserved 1114112K
  class space    used 3856K, committed 4160K, reserved 1048576K
}
Event: 42.227 GC heap before
{Heap before GC invocations=21 (full 2):
 PSYoungGen      total 19968K, used 19807K [0x00000000eab00000, 0x00000000ec980000, 0x0000000100000000)
  eden space 19456K, 99% used [0x00000000eab00000,0x00000000ebddf448,0x00000000ebe00000)
  from space 512K, 94% used [0x00000000ec300000,0x00000000ec3789f8,0x00000000ec380000)
  to   space 5120K, 0% used [0x00000000ebe00000,0x00000000ebe00000,0x00000000ec300000)
 ParOldGen       total 68608K, used 29439K [0x00000000c0000000, 0x00000000c4300000, 0x00000000eab00000)
  object space 68608K, 42% used [0x00000000c0000000,0x00000000c1cbfdd0,0x00000000c4300000)
 Metaspace       used 39004K, committed 39680K, reserved 1114112K
  class space    used 3863K, committed 4160K, reserved 1048576K
}
Event: 42.230 GC heap after
{Heap after GC invocations=21 (full 2):
 PSYoungGen      total 20992K, used 1317K [0x00000000eab00000, 0x00000000ec380000, 0x0000000100000000)
  eden space 19456K, 0% used [0x00000000eab00000,0x00000000eab00000,0x00000000ebe00000)
  from space 1536K, 85% used [0x00000000ebe00000,0x00000000ebf49680,0x00000000ebf80000)
  to   space 2560K, 0% used [0x00000000ec100000,0x00000000ec100000,0x00000000ec380000)
 ParOldGen       total 68608K, used 29923K [0x00000000c0000000, 0x00000000c4300000, 0x00000000eab00000)
  object space 68608K, 43% used [0x00000000c0000000,0x00000000c1d38fc8,0x00000000c4300000)
 Metaspace       used 39004K, committed 39680K, reserved 1114112K
  class space    used 3863K, committed 4160K, reserved 1048576K
}
Event: 55.053 GC heap before
{Heap before GC invocations=22 (full 2):
 PSYoungGen      total 20992K, used 20773K [0x00000000eab00000, 0x00000000ec380000, 0x0000000100000000)
  eden space 19456K, 100% used [0x00000000eab00000,0x00000000ebe00000,0x00000000ebe00000)
  from space 1536K, 85% used [0x00000000ebe00000,0x00000000ebf49680,0x00000000ebf80000)
  to   space 2560K, 0% used [0x00000000ec100000,0x00000000ec100000,0x00000000ec380000)
 ParOldGen       total 68608K, used 29923K [0x00000000c0000000, 0x00000000c4300000, 0x00000000eab00000)
  object space 68608K, 43% used [0x00000000c0000000,0x00000000c1d38fc8,0x00000000c4300000)
 Metaspace       used 40921K, committed 41600K, reserved 1114112K
  class space    used 4025K, committed 4352K, reserved 1048576K
}
Event: 55.057 GC heap after
{Heap after GC invocations=22 (full 2):
 PSYoungGen      total 20480K, used 672K [0x00000000eab00000, 0x00000000ec200000, 0x0000000100000000)
  eden space 19456K, 0% used [0x00000000eab00000,0x00000000eab00000,0x00000000ebe00000)
  from space 1024K, 65% used [0x00000000ec100000,0x00000000ec1a8000,0x00000000ec200000)
  to   space 1536K, 0% used [0x00000000ebf00000,0x00000000ebf00000,0x00000000ec080000)
 ParOldGen       total 68608K, used 30414K [0x00000000c0000000, 0x00000000c4300000, 0x00000000eab00000)
  object space 68608K, 44% used [0x00000000c0000000,0x00000000c1db3b38,0x00000000c4300000)
 Metaspace       used 40921K, committed 41600K, reserved 1114112K
  class space    used 4025K, committed 4352K, reserved 1048576K
}

